<?xml version="1.0" encoding="UTF-8"?>
<!-- Generated by org.testng.reporters.JUnitReportReporter -->
<testsuite hostname="LAPTOP-JM1361M9" failures="0" tests="2" name="com.koinx.test.GetRequest" time="4.341" errors="0" timestamp="2023-02-14T13:39:01 IST" skipped="0">
  <testcase classname="com.koinx.test.GetRequest" name="postCreateUser" time="3.166"/>
  <system-out/>
  <testcase classname="com.koinx.test.GetRequest" name="getDisplayUser" time="1.175"/>
  <system-out/>
</testsuite> <!-- com.koinx.test.GetRequest -->
